<?xml version="1.0" encoding="UTF-8"?>
<!-- Generated by org.testng.reporters.JUnitXMLReporter -->
<testsuite hostname="DESKTOP-QUK0TPO" ignored="0" name="test-Runner-1" tests="1" failures="0" timestamp="2023-01-11T12:26:38 IST" time="0.044" errors="0">
  <testcase name="@BeforeClass configBc" time="-1.67342019805E9" classname="com.Zoo_View.generic.BaseClass">
    <failure type="org.testng.TestNGException" message="
Parameter &amp;apos;BROWSER&amp;apos; is required by BeforeClass on method configBc but has not been marked @Optional or defined
in C:\Users\admin\Desktop\java\com.tourism.zoo\testng.xml">
      <![CDATA[org.testng.TestNGException: 
Parameter 'BROWSER' is required by BeforeClass on method configBc but has not been marked @Optional or defined
in C:\Users\admin\Desktop\java\com.tourism.zoo\testng.xml
at java.util.ArrayList.forEach(ArrayList.java:1257)
at java.util.concurrent.FutureTask.run(FutureTask.java:266)
at java.util.concurrent.ThreadPoolExecutor.runWorker(ThreadPoolExecutor.java:1149)
at java.util.concurrent.ThreadPoolExecutor$Worker.run(ThreadPoolExecutor.java:624)
at java.lang.Thread.run(Thread.java:748)
... Removed 13 stack frames]]>
    </failure>
  </testcase> <!-- @BeforeClass configBc -->
  <testcase name="@BeforeClass configBc" time="-1.67342019805E9" classname="com.Zoo_View.generic.BaseClass">
    <failure type="org.testng.TestNGException" message="
Parameter &amp;apos;BROWSER&amp;apos; is required by BeforeClass on method configBc but has not been marked @Optional or defined
in C:\Users\admin\Desktop\java\com.tourism.zoo\testng.xml">
      <![CDATA[org.testng.TestNGException: 
Parameter 'BROWSER' is required by BeforeClass on method configBc but has not been marked @Optional or defined
in C:\Users\admin\Desktop\java\com.tourism.zoo\testng.xml
at java.util.ArrayList.forEach(ArrayList.java:1257)
at java.util.concurrent.FutureTask.run(FutureTask.java:266)
at java.util.concurrent.ThreadPoolExecutor.runWorker(ThreadPoolExecutor.java:1149)
at java.util.concurrent.ThreadPoolExecutor$Worker.run(ThreadPoolExecutor.java:624)
at java.lang.Thread.run(Thread.java:748)
... Removed 13 stack frames]]>
    </failure>
  </testcase> <!-- @BeforeClass configBc -->
  <testcase name="@BeforeMethod configBM" time="-1.67342019807E9" classname="com.Zoo_View.generic.BaseClass">
    <skipped/>
  </testcase> <!-- @BeforeMethod configBM -->
  <testcase name="@BeforeMethod configBM" time="-1.67342019807E9" classname="com.Zoo_View.generic.BaseClass">
    <skipped/>
  </testcase> <!-- @BeforeMethod configBM -->
  <testcase name="@AfterMethod configAM" time="-1.673420198075E9" classname="com.Zoo_View.generic.BaseClass">
    <skipped/>
  </testcase> <!-- @AfterMethod configAM -->
  <testcase name="@AfterMethod configAM" time="-1.673420198075E9" classname="com.Zoo_View.generic.BaseClass">
    <skipped/>
  </testcase> <!-- @AfterMethod configAM -->
  <testcase name="@AfterClass configAC" time="-1.673420198077E9" classname="com.Zoo_View.generic.BaseClass">
    <skipped/>
  </testcase> <!-- @AfterClass configAC -->
  <testcase name="@AfterClass configAC" time="-1.673420198078E9" classname="com.Zoo_View.generic.BaseClass">
    <skipped/>
  </testcase> <!-- @AfterClass configAC -->
  <testcase name="ForeignTest" time="0.0" classname="reports_Module.ForeignreportTest">
    <skipped/>
  </testcase> <!-- ForeignTest -->
</testsuite> <!-- test-Runner-1 -->
