<?xml version="1.0" encoding="UTF-8"?>
<!-- Generated by org.testng.reporters.JUnitReportReporter -->
<testsuite skipped="2" hostname="DESKTOP-QUK0TPO" name="practice_package.ClassTestBatchPrll" tests="3" failures="0" timestamp="2023-01-11T12:39:31 IST" time="-1673421056.000" errors="1">
  <testcase name="launchBrowser" time="0.000" classname="practice_package.ClassTestBatchPrll">
    <skipped/>
  </testcase> <!-- launchBrowser -->
  <system-out/>
  <testcase name="crossBrowser" time="-1673421056.000" classname="practice_package.ClassTestBatchPrll">
    <error type="org.testng.TestNGException" message="
Parameter &#039;browser&#039; is required by BeforeMethod on method crossBrowser but has not been marked @Optional or defined
in C:\Users\admin\Desktop\java\com.tourism.zoo\Parallelclasses.xml">
      <![CDATA[org.testng.TestNGException: 
Parameter 'browser' is required by BeforeMethod on method crossBrowser but has not been marked @Optional or defined
in C:\Users\admin\Desktop\java\com.tourism.zoo\Parallelclasses.xml
at org.testng.internal.Parameters.createParams(Parameters.java:270)
at org.testng.internal.Parameters.createParametersForMethod(Parameters.java:358)
at org.testng.internal.Parameters.createParameters(Parameters.java:700)
at org.testng.internal.Parameters.createConfigurationParameters(Parameters.java:168)
at org.testng.internal.ConfigInvoker.invokeConfigurations(ConfigInvoker.java:302)
at org.testng.internal.TestInvoker.runConfigMethods(TestInvoker.java:700)
at org.testng.internal.TestInvoker.invokeMethod(TestInvoker.java:527)
at org.testng.internal.TestInvoker.invokeTestMethod(TestInvoker.java:173)
at org.testng.internal.MethodRunner.runInSequence(MethodRunner.java:46)
at org.testng.internal.TestInvoker$MethodInvocationAgent.invoke(TestInvoker.java:824)
at org.testng.internal.TestInvoker.invokeTestMethods(TestInvoker.java:146)
at org.testng.internal.TestMethodWorker.invokeTestMethods(TestMethodWorker.java:146)
at org.testng.internal.TestMethodWorker.run(TestMethodWorker.java:128)
at java.util.concurrent.ThreadPoolExecutor.runWorker(ThreadPoolExecutor.java:1149)
at java.util.concurrent.ThreadPoolExecutor$Worker.run(ThreadPoolExecutor.java:624)
at java.lang.Thread.run(Thread.java:748)
]]>
    </error>
  </testcase> <!-- crossBrowser -->
  <system-out/>
  <testcase name="openBrowser" time="0.000" classname="practice_package.ClassTestBatchPrll">
    <skipped/>
  </testcase> <!-- openBrowser -->
  <system-out/>
</testsuite> <!-- practice_package.ClassTestBatchPrll -->
